<?xml version="1.0" encoding="UTF-8"?>
<!-- Generated by org.testng.reporters.JUnitReportReporter -->
<testsuite hostname="LAPTOP-S58JSNEH" failures="0" tests="2" name="com.org.main.tests.SubmitOrderTest" time="34.123" errors="0" timestamp="2025-05-10T01:58:00 IST" skipped="0">
  <testcase classname="com.org.main.tests.SubmitOrderTest" name="submitOrder" time="14.617"/>
  <testcase classname="com.org.main.tests.SubmitOrderTest" name="submitOrder" time="19.506"/>
</testsuite> <!-- com.org.main.tests.SubmitOrderTest -->
