<?xml version="1.0" encoding="UTF-8"?>
<!-- Generated by org.testng.reporters.JUnitReportReporter -->
<testsuite hostname="LAPTOP-S58JSNEH" failures="0" tests="2" name="com.org.main.tests.SubmitOrderTest" time="48.884" errors="0" timestamp="2025-05-12T08:15:13 IST" skipped="0">
  <testcase classname="com.org.main.tests.SubmitOrderTest" name="submitOrder" time="18.023"/>
  <testcase classname="com.org.main.tests.SubmitOrderTest" name="submitOrder" time="30.861"/>
</testsuite> <!-- com.org.main.tests.SubmitOrderTest -->
