<?xml version="1.0" encoding="UTF-8"?>
<!-- Generated by org.testng.reporters.JUnitReportReporter -->
<testsuite hostname="LAPTOP-S58JSNEH" failures="0" tests="2" name="com.org.main.tests.ErrorValidationsTest" time="51.358" errors="0" timestamp="2025-05-08T17:42:32 IST" skipped="0">
  <testcase classname="com.org.main.tests.ErrorValidationsTest" name="LoginErrorValidation" time="11.493"/>
  <testcase classname="com.org.main.tests.ErrorValidationsTest" name="ProductErrorValidation" time="39.865"/>
</testsuite> <!-- com.org.main.tests.ErrorValidationsTest -->
